[2024-09-30T13:30:29.779+0000] {local_task_job_runner.py:123} INFO - ::group::Pre task execution logs
[2024-09-30T13:30:29.792+0000] {taskinstance.py:2612} INFO - Dependencies all met for dep_context=non-requeueable deps ti=<TaskInstance: mssql_to_postgres_sqlalchemy.load_data_to_staging.full_load_from_sql_server scheduled__2024-09-29T00:00:00+00:00 [queued]>
[2024-09-30T13:30:29.800+0000] {taskinstance.py:2612} INFO - Dependencies all met for dep_context=requeueable deps ti=<TaskInstance: mssql_to_postgres_sqlalchemy.load_data_to_staging.full_load_from_sql_server scheduled__2024-09-29T00:00:00+00:00 [queued]>
[2024-09-30T13:30:29.801+0000] {taskinstance.py:2865} INFO - Starting attempt 1 of 1
[2024-09-30T13:30:29.810+0000] {taskinstance.py:2888} INFO - Executing <Task(PythonOperator): load_data_to_staging.full_load_from_sql_server> on 2024-09-29 00:00:00+00:00
[2024-09-30T13:30:29.815+0000] {warnings.py:112} WARNING - /home/***/.local/lib/python3.12/site-packages/***/task/task_runner/standard_task_runner.py:70: DeprecationWarning: This process (pid=62) is multi-threaded, use of fork() may lead to deadlocks in the child.
  pid = os.fork()

[2024-09-30T13:30:29.817+0000] {standard_task_runner.py:104} INFO - Running: ['***', 'tasks', 'run', 'mssql_to_postgres_sqlalchemy', 'load_data_to_staging.full_load_from_sql_server', 'scheduled__2024-09-29T00:00:00+00:00', '--job-id', '3', '--raw', '--subdir', 'DAGS_FOLDER/load.py', '--cfg-path', '/tmp/tmpbvq_ilx3']
[2024-09-30T13:30:29.820+0000] {standard_task_runner.py:72} INFO - Started process 64 to run task
[2024-09-30T13:30:29.820+0000] {standard_task_runner.py:105} INFO - Job 3: Subtask load_data_to_staging.full_load_from_sql_server
[2024-09-30T13:30:29.873+0000] {task_command.py:467} INFO - Running <TaskInstance: mssql_to_postgres_sqlalchemy.load_data_to_staging.full_load_from_sql_server scheduled__2024-09-29T00:00:00+00:00 [running]> on host 90e113e50dcf
[2024-09-30T13:30:30.102+0000] {taskinstance.py:3131} INFO - Exporting env vars: AIRFLOW_CTX_DAG_OWNER='***' AIRFLOW_CTX_DAG_ID='mssql_to_postgres_sqlalchemy' AIRFLOW_CTX_TASK_ID='load_data_to_staging.full_load_from_sql_server' AIRFLOW_CTX_EXECUTION_DATE='2024-09-29T00:00:00+00:00' AIRFLOW_CTX_TRY_NUMBER='1' AIRFLOW_CTX_DAG_RUN_ID='scheduled__2024-09-29T00:00:00+00:00'
[2024-09-30T13:30:30.104+0000] {taskinstance.py:731} INFO - ::endgroup::
[2024-09-30T13:30:30.132+0000] {logging_mixin.py:190} INFO - postgres host: ('postgres', [], ['192.168.112.3'])
[2024-09-30T13:30:30.133+0000] {logging_mixin.py:190} INFO - postgresql+psycopg2://postgres:postgres@postgres:5432/DWH
[2024-09-30T13:30:30.259+0000] {logging_mixin.py:190} INFO - Inserted 2 records into PostgreSQL.
[2024-09-30T13:30:30.260+0000] {python.py:240} INFO - Done. Returned value was: None
[2024-09-30T13:30:30.267+0000] {taskinstance.py:340} INFO - ::group::Post task execution logs
[2024-09-30T13:30:30.268+0000] {taskinstance.py:352} INFO - Marking task as SUCCESS. dag_id=mssql_to_postgres_sqlalchemy, task_id=load_data_to_staging.full_load_from_sql_server, run_id=scheduled__2024-09-29T00:00:00+00:00, execution_date=20240929T000000, start_date=20240930T133029, end_date=20240930T133030
[2024-09-30T13:30:30.292+0000] {local_task_job_runner.py:266} INFO - Task exited with return code 0
[2024-09-30T13:30:30.305+0000] {taskinstance.py:3900} INFO - 0 downstream tasks scheduled from follow-on schedule check
[2024-09-30T13:30:30.306+0000] {local_task_job_runner.py:245} INFO - ::endgroup::
