[2024-09-30T14:08:07.200+0000] {local_task_job_runner.py:123} INFO - ::group::Pre task execution logs
[2024-09-30T14:08:07.209+0000] {taskinstance.py:2612} INFO - Dependencies all met for dep_context=non-requeueable deps ti=<TaskInstance: mssql_to_postgres_sqlalchemy.load_data_to_staging.incremental_load_from_my_sql manual__2024-09-30T14:05:00.391775+00:00 [queued]>
[2024-09-30T14:08:07.214+0000] {taskinstance.py:2612} INFO - Dependencies all met for dep_context=requeueable deps ti=<TaskInstance: mssql_to_postgres_sqlalchemy.load_data_to_staging.incremental_load_from_my_sql manual__2024-09-30T14:05:00.391775+00:00 [queued]>
[2024-09-30T14:08:07.214+0000] {taskinstance.py:2865} INFO - Starting attempt 2 of 2
[2024-09-30T14:08:07.221+0000] {taskinstance.py:2888} INFO - Executing <Task(PythonOperator): load_data_to_staging.incremental_load_from_my_sql> on 2024-09-30 14:05:00.391775+00:00
[2024-09-30T14:08:07.226+0000] {warnings.py:112} WARNING - /home/***/.local/lib/python3.12/site-packages/***/task/task_runner/standard_task_runner.py:70: DeprecationWarning: This process (pid=426) is multi-threaded, use of fork() may lead to deadlocks in the child.
  pid = os.fork()

[2024-09-30T14:08:07.227+0000] {standard_task_runner.py:72} INFO - Started process 430 to run task
[2024-09-30T14:08:07.227+0000] {standard_task_runner.py:104} INFO - Running: ['***', 'tasks', 'run', 'mssql_to_postgres_sqlalchemy', 'load_data_to_staging.incremental_load_from_my_sql', 'manual__2024-09-30T14:05:00.391775+00:00', '--job-id', '23', '--raw', '--subdir', 'DAGS_FOLDER/load.py', '--cfg-path', '/tmp/tmp6gak65v1']
[2024-09-30T14:08:07.229+0000] {standard_task_runner.py:105} INFO - Job 23: Subtask load_data_to_staging.incremental_load_from_my_sql
[2024-09-30T14:08:07.255+0000] {task_command.py:467} INFO - Running <TaskInstance: mssql_to_postgres_sqlalchemy.load_data_to_staging.incremental_load_from_my_sql manual__2024-09-30T14:05:00.391775+00:00 [running]> on host 51a7ea638889
[2024-09-30T14:08:07.297+0000] {taskinstance.py:3131} INFO - Exporting env vars: AIRFLOW_CTX_DAG_OWNER='***' AIRFLOW_CTX_DAG_ID='mssql_to_postgres_sqlalchemy' AIRFLOW_CTX_TASK_ID='load_data_to_staging.incremental_load_from_my_sql' AIRFLOW_CTX_EXECUTION_DATE='2024-09-30T14:05:00.391775+00:00' AIRFLOW_CTX_TRY_NUMBER='2' AIRFLOW_CTX_DAG_RUN_ID='manual__2024-09-30T14:05:00.391775+00:00'
[2024-09-30T14:08:07.299+0000] {taskinstance.py:731} INFO - ::endgroup::
[2024-09-30T14:08:07.339+0000] {logging_mixin.py:190} INFO - Дата с: 2024-09-30 16:52:14
[2024-09-30T14:08:07.358+0000] {python.py:240} INFO - Done. Returned value was: None
[2024-09-30T14:08:07.367+0000] {taskinstance.py:340} INFO - ::group::Post task execution logs
[2024-09-30T14:08:07.369+0000] {taskinstance.py:352} INFO - Marking task as SUCCESS. dag_id=mssql_to_postgres_sqlalchemy, task_id=load_data_to_staging.incremental_load_from_my_sql, run_id=manual__2024-09-30T14:05:00.391775+00:00, execution_date=20240930T140500, start_date=20240930T140807, end_date=20240930T140807
[2024-09-30T14:08:07.408+0000] {local_task_job_runner.py:266} INFO - Task exited with return code 0
[2024-09-30T14:08:07.423+0000] {taskinstance.py:3900} INFO - 2 downstream tasks scheduled from follow-on schedule check
[2024-09-30T14:08:07.425+0000] {local_task_job_runner.py:245} INFO - ::endgroup::
