[2024-09-30T14:56:33.036+0000] {local_task_job_runner.py:123} INFO - ::group::Pre task execution logs
[2024-09-30T14:56:33.316+0000] {taskinstance.py:2612} INFO - Dependencies all met for dep_context=non-requeueable deps ti=<TaskInstance: ELT.load_data_to_staging.full_load_from_sql_server scheduled__2024-09-29T00:00:00+00:00 [queued]>
[2024-09-30T14:56:33.321+0000] {taskinstance.py:2612} INFO - Dependencies all met for dep_context=requeueable deps ti=<TaskInstance: ELT.load_data_to_staging.full_load_from_sql_server scheduled__2024-09-29T00:00:00+00:00 [queued]>
[2024-09-30T14:56:33.321+0000] {taskinstance.py:2865} INFO - Starting attempt 1 of 1
[2024-09-30T14:56:33.328+0000] {taskinstance.py:2888} INFO - Executing <Task(PythonOperator): load_data_to_staging.full_load_from_sql_server> on 2024-09-29 00:00:00+00:00
[2024-09-30T14:56:33.334+0000] {warnings.py:112} WARNING - /home/***/.local/lib/python3.12/site-packages/***/task/task_runner/standard_task_runner.py:70: DeprecationWarning: This process (pid=1096) is multi-threaded, use of fork() may lead to deadlocks in the child.
  pid = os.fork()

[2024-09-30T14:56:33.336+0000] {standard_task_runner.py:72} INFO - Started process 1100 to run task
[2024-09-30T14:56:33.336+0000] {standard_task_runner.py:104} INFO - Running: ['***', 'tasks', 'run', 'ELT', 'load_data_to_staging.full_load_from_sql_server', 'scheduled__2024-09-29T00:00:00+00:00', '--job-id', '33', '--raw', '--subdir', 'DAGS_FOLDER/load.py', '--cfg-path', '/tmp/tmpze2fli5l']
[2024-09-30T14:56:33.339+0000] {standard_task_runner.py:105} INFO - Job 33: Subtask load_data_to_staging.full_load_from_sql_server
[2024-09-30T14:56:33.381+0000] {task_command.py:467} INFO - Running <TaskInstance: ELT.load_data_to_staging.full_load_from_sql_server scheduled__2024-09-29T00:00:00+00:00 [running]> on host 51a7ea638889
[2024-09-30T14:56:33.430+0000] {taskinstance.py:3131} INFO - Exporting env vars: AIRFLOW_CTX_DAG_OWNER='***' AIRFLOW_CTX_DAG_ID='ELT' AIRFLOW_CTX_TASK_ID='load_data_to_staging.full_load_from_sql_server' AIRFLOW_CTX_EXECUTION_DATE='2024-09-29T00:00:00+00:00' AIRFLOW_CTX_TRY_NUMBER='1' AIRFLOW_CTX_DAG_RUN_ID='scheduled__2024-09-29T00:00:00+00:00'
[2024-09-30T14:56:33.433+0000] {taskinstance.py:731} INFO - ::endgroup::
[2024-09-30T14:56:33.509+0000] {logging_mixin.py:190} INFO - Inserted 2 records into PostgreSQL.
[2024-09-30T14:56:33.509+0000] {python.py:240} INFO - Done. Returned value was: None
[2024-09-30T14:56:33.515+0000] {taskinstance.py:340} INFO - ::group::Post task execution logs
[2024-09-30T14:56:33.515+0000] {taskinstance.py:352} INFO - Marking task as SUCCESS. dag_id=ELT, task_id=load_data_to_staging.full_load_from_sql_server, run_id=scheduled__2024-09-29T00:00:00+00:00, execution_date=20240929T000000, start_date=20240930T145633, end_date=20240930T145633
[2024-09-30T14:56:33.558+0000] {local_task_job_runner.py:266} INFO - Task exited with return code 0
[2024-09-30T14:56:33.568+0000] {taskinstance.py:3900} INFO - 0 downstream tasks scheduled from follow-on schedule check
[2024-09-30T14:56:33.568+0000] {local_task_job_runner.py:245} INFO - ::endgroup::
