[2024-09-30T13:50:31.609+0000] {local_task_job_runner.py:123} INFO - ::group::Pre task execution logs
[2024-09-30T13:50:31.619+0000] {taskinstance.py:2612} INFO - Dependencies all met for dep_context=non-requeueable deps ti=<TaskInstance: mssql_to_postgres_sqlalchemy.load_data_to_staging.incremental_load_from_my_sql manual__2024-09-30T13:50:30.033490+00:00 [queued]>
[2024-09-30T13:50:31.623+0000] {taskinstance.py:2612} INFO - Dependencies all met for dep_context=requeueable deps ti=<TaskInstance: mssql_to_postgres_sqlalchemy.load_data_to_staging.incremental_load_from_my_sql manual__2024-09-30T13:50:30.033490+00:00 [queued]>
[2024-09-30T13:50:31.623+0000] {taskinstance.py:2865} INFO - Starting attempt 1 of 1
[2024-09-30T13:50:31.629+0000] {taskinstance.py:2888} INFO - Executing <Task(PythonOperator): load_data_to_staging.incremental_load_from_my_sql> on 2024-09-30 13:50:30.033490+00:00
[2024-09-30T13:50:31.633+0000] {warnings.py:112} WARNING - /home/***/.local/lib/python3.12/site-packages/***/task/task_runner/standard_task_runner.py:70: DeprecationWarning: This process (pid=158) is multi-threaded, use of fork() may lead to deadlocks in the child.
  pid = os.fork()

[2024-09-30T13:50:31.635+0000] {standard_task_runner.py:72} INFO - Started process 163 to run task
[2024-09-30T13:50:31.635+0000] {standard_task_runner.py:104} INFO - Running: ['***', 'tasks', 'run', 'mssql_to_postgres_sqlalchemy', 'load_data_to_staging.incremental_load_from_my_sql', 'manual__2024-09-30T13:50:30.033490+00:00', '--job-id', '16', '--raw', '--subdir', 'DAGS_FOLDER/load.py', '--cfg-path', '/tmp/tmpsu021k7k']
[2024-09-30T13:50:31.637+0000] {standard_task_runner.py:105} INFO - Job 16: Subtask load_data_to_staging.incremental_load_from_my_sql
[2024-09-30T13:50:31.665+0000] {task_command.py:467} INFO - Running <TaskInstance: mssql_to_postgres_sqlalchemy.load_data_to_staging.incremental_load_from_my_sql manual__2024-09-30T13:50:30.033490+00:00 [running]> on host 51a7ea638889
[2024-09-30T13:50:31.708+0000] {taskinstance.py:3131} INFO - Exporting env vars: AIRFLOW_CTX_DAG_OWNER='***' AIRFLOW_CTX_DAG_ID='mssql_to_postgres_sqlalchemy' AIRFLOW_CTX_TASK_ID='load_data_to_staging.incremental_load_from_my_sql' AIRFLOW_CTX_EXECUTION_DATE='2024-09-30T13:50:30.033490+00:00' AIRFLOW_CTX_TRY_NUMBER='1' AIRFLOW_CTX_DAG_RUN_ID='manual__2024-09-30T13:50:30.033490+00:00'
[2024-09-30T13:50:31.709+0000] {taskinstance.py:731} INFO - ::endgroup::
[2024-09-30T13:50:31.721+0000] {logging_mixin.py:190} INFO - postgres host: ('postgres', [], ['192.168.112.3'])
[2024-09-30T13:50:31.736+0000] {logging_mixin.py:190} INFO - Дата с: 2024-09-30 16:35:40
[2024-09-30T13:50:31.756+0000] {logging_mixin.py:190} INFO - Inserted 2 records into PostgreSQL.
[2024-09-30T13:50:31.756+0000] {python.py:240} INFO - Done. Returned value was: None
[2024-09-30T13:50:31.762+0000] {taskinstance.py:340} INFO - ::group::Post task execution logs
[2024-09-30T13:50:31.762+0000] {taskinstance.py:352} INFO - Marking task as SUCCESS. dag_id=mssql_to_postgres_sqlalchemy, task_id=load_data_to_staging.incremental_load_from_my_sql, run_id=manual__2024-09-30T13:50:30.033490+00:00, execution_date=20240930T135030, start_date=20240930T135031, end_date=20240930T135031
[2024-09-30T13:50:31.775+0000] {local_task_job_runner.py:266} INFO - Task exited with return code 0
[2024-09-30T13:50:31.785+0000] {taskinstance.py:3900} INFO - 0 downstream tasks scheduled from follow-on schedule check
[2024-09-30T13:50:31.786+0000] {local_task_job_runner.py:245} INFO - ::endgroup::
