[2024-09-30T13:50:31.476+0000] {local_task_job_runner.py:123} INFO - ::group::Pre task execution logs
[2024-09-30T13:50:31.485+0000] {taskinstance.py:2612} INFO - Dependencies all met for dep_context=non-requeueable deps ti=<TaskInstance: mssql_to_postgres_sqlalchemy.load_data_to_staging.full_load_from_sql_server manual__2024-09-30T13:50:30.033490+00:00 [queued]>
[2024-09-30T13:50:31.489+0000] {taskinstance.py:2612} INFO - Dependencies all met for dep_context=requeueable deps ti=<TaskInstance: mssql_to_postgres_sqlalchemy.load_data_to_staging.full_load_from_sql_server manual__2024-09-30T13:50:30.033490+00:00 [queued]>
[2024-09-30T13:50:31.490+0000] {taskinstance.py:2865} INFO - Starting attempt 1 of 1
[2024-09-30T13:50:31.497+0000] {taskinstance.py:2888} INFO - Executing <Task(PythonOperator): load_data_to_staging.full_load_from_sql_server> on 2024-09-30 13:50:30.033490+00:00
[2024-09-30T13:50:31.502+0000] {warnings.py:112} WARNING - /home/***/.local/lib/python3.12/site-packages/***/task/task_runner/standard_task_runner.py:70: DeprecationWarning: This process (pid=157) is multi-threaded, use of fork() may lead to deadlocks in the child.
  pid = os.fork()

[2024-09-30T13:50:31.503+0000] {standard_task_runner.py:72} INFO - Started process 161 to run task
[2024-09-30T13:50:31.504+0000] {standard_task_runner.py:104} INFO - Running: ['***', 'tasks', 'run', 'mssql_to_postgres_sqlalchemy', 'load_data_to_staging.full_load_from_sql_server', 'manual__2024-09-30T13:50:30.033490+00:00', '--job-id', '15', '--raw', '--subdir', 'DAGS_FOLDER/load.py', '--cfg-path', '/tmp/tmpe4lo89pz']
[2024-09-30T13:50:31.506+0000] {standard_task_runner.py:105} INFO - Job 15: Subtask load_data_to_staging.full_load_from_sql_server
[2024-09-30T13:50:31.532+0000] {task_command.py:467} INFO - Running <TaskInstance: mssql_to_postgres_sqlalchemy.load_data_to_staging.full_load_from_sql_server manual__2024-09-30T13:50:30.033490+00:00 [running]> on host 51a7ea638889
[2024-09-30T13:50:31.580+0000] {taskinstance.py:3131} INFO - Exporting env vars: AIRFLOW_CTX_DAG_OWNER='***' AIRFLOW_CTX_DAG_ID='mssql_to_postgres_sqlalchemy' AIRFLOW_CTX_TASK_ID='load_data_to_staging.full_load_from_sql_server' AIRFLOW_CTX_EXECUTION_DATE='2024-09-30T13:50:30.033490+00:00' AIRFLOW_CTX_TRY_NUMBER='1' AIRFLOW_CTX_DAG_RUN_ID='manual__2024-09-30T13:50:30.033490+00:00'
[2024-09-30T13:50:31.582+0000] {taskinstance.py:731} INFO - ::endgroup::
[2024-09-30T13:50:31.603+0000] {logging_mixin.py:190} INFO - postgres host: ('postgres', [], ['192.168.112.3'])
[2024-09-30T13:50:31.683+0000] {logging_mixin.py:190} INFO - Inserted 2 records into PostgreSQL.
[2024-09-30T13:50:31.683+0000] {python.py:240} INFO - Done. Returned value was: None
[2024-09-30T13:50:31.688+0000] {taskinstance.py:340} INFO - ::group::Post task execution logs
[2024-09-30T13:50:31.688+0000] {taskinstance.py:352} INFO - Marking task as SUCCESS. dag_id=mssql_to_postgres_sqlalchemy, task_id=load_data_to_staging.full_load_from_sql_server, run_id=manual__2024-09-30T13:50:30.033490+00:00, execution_date=20240930T135030, start_date=20240930T135031, end_date=20240930T135031
[2024-09-30T13:50:31.724+0000] {local_task_job_runner.py:266} INFO - Task exited with return code 0
[2024-09-30T13:50:31.736+0000] {taskinstance.py:3900} INFO - 0 downstream tasks scheduled from follow-on schedule check
[2024-09-30T13:50:31.737+0000] {local_task_job_runner.py:245} INFO - ::endgroup::
