[2024-09-30T13:52:18.520+0000] {local_task_job_runner.py:123} INFO - ::group::Pre task execution logs
[2024-09-30T13:52:18.529+0000] {taskinstance.py:2612} INFO - Dependencies all met for dep_context=non-requeueable deps ti=<TaskInstance: mssql_to_postgres_sqlalchemy.load_data_to_staging.full_load_from_sql_server manual__2024-09-30T13:52:17.910102+00:00 [queued]>
[2024-09-30T13:52:18.534+0000] {taskinstance.py:2612} INFO - Dependencies all met for dep_context=requeueable deps ti=<TaskInstance: mssql_to_postgres_sqlalchemy.load_data_to_staging.full_load_from_sql_server manual__2024-09-30T13:52:17.910102+00:00 [queued]>
[2024-09-30T13:52:18.534+0000] {taskinstance.py:2865} INFO - Starting attempt 1 of 1
[2024-09-30T13:52:18.541+0000] {taskinstance.py:2888} INFO - Executing <Task(PythonOperator): load_data_to_staging.full_load_from_sql_server> on 2024-09-30 13:52:17.910102+00:00
[2024-09-30T13:52:18.546+0000] {warnings.py:112} WARNING - /home/***/.local/lib/python3.12/site-packages/***/task/task_runner/standard_task_runner.py:70: DeprecationWarning: This process (pid=195) is multi-threaded, use of fork() may lead to deadlocks in the child.
  pid = os.fork()

[2024-09-30T13:52:18.547+0000] {standard_task_runner.py:72} INFO - Started process 206 to run task
[2024-09-30T13:52:18.547+0000] {standard_task_runner.py:104} INFO - Running: ['***', 'tasks', 'run', 'mssql_to_postgres_sqlalchemy', 'load_data_to_staging.full_load_from_sql_server', 'manual__2024-09-30T13:52:17.910102+00:00', '--job-id', '19', '--raw', '--subdir', 'DAGS_FOLDER/load.py', '--cfg-path', '/tmp/tmp3xktsngs']
[2024-09-30T13:52:18.550+0000] {standard_task_runner.py:105} INFO - Job 19: Subtask load_data_to_staging.full_load_from_sql_server
[2024-09-30T13:52:18.577+0000] {task_command.py:467} INFO - Running <TaskInstance: mssql_to_postgres_sqlalchemy.load_data_to_staging.full_load_from_sql_server manual__2024-09-30T13:52:17.910102+00:00 [running]> on host 51a7ea638889
[2024-09-30T13:52:18.627+0000] {taskinstance.py:3131} INFO - Exporting env vars: AIRFLOW_CTX_DAG_OWNER='***' AIRFLOW_CTX_DAG_ID='mssql_to_postgres_sqlalchemy' AIRFLOW_CTX_TASK_ID='load_data_to_staging.full_load_from_sql_server' AIRFLOW_CTX_EXECUTION_DATE='2024-09-30T13:52:17.910102+00:00' AIRFLOW_CTX_TRY_NUMBER='1' AIRFLOW_CTX_DAG_RUN_ID='manual__2024-09-30T13:52:17.910102+00:00'
[2024-09-30T13:52:18.628+0000] {taskinstance.py:731} INFO - ::endgroup::
[2024-09-30T13:52:18.642+0000] {logging_mixin.py:190} INFO - postgres host: ('postgres', [], ['192.168.112.3'])
[2024-09-30T13:52:18.691+0000] {logging_mixin.py:190} INFO - Inserted 2 records into PostgreSQL.
[2024-09-30T13:52:18.692+0000] {python.py:240} INFO - Done. Returned value was: None
[2024-09-30T13:52:18.702+0000] {taskinstance.py:340} INFO - ::group::Post task execution logs
[2024-09-30T13:52:18.703+0000] {taskinstance.py:352} INFO - Marking task as SUCCESS. dag_id=mssql_to_postgres_sqlalchemy, task_id=load_data_to_staging.full_load_from_sql_server, run_id=manual__2024-09-30T13:52:17.910102+00:00, execution_date=20240930T135217, start_date=20240930T135218, end_date=20240930T135218
[2024-09-30T13:52:18.727+0000] {local_task_job_runner.py:266} INFO - Task exited with return code 0
[2024-09-30T13:52:18.739+0000] {taskinstance.py:3900} INFO - 0 downstream tasks scheduled from follow-on schedule check
[2024-09-30T13:52:18.740+0000] {local_task_job_runner.py:245} INFO - ::endgroup::
