[2024-09-30T16:25:23.666+0000] {local_task_job_runner.py:123} INFO - ::group::Pre task execution logs
[2024-09-30T16:25:23.675+0000] {taskinstance.py:2612} INFO - Dependencies all met for dep_context=non-requeueable deps ti=<TaskInstance: ELT.load_data_to_staging.full_load_from_sql_server manual__2024-09-30T16:24:36.959689+00:00 [queued]>
[2024-09-30T16:25:23.680+0000] {taskinstance.py:2612} INFO - Dependencies all met for dep_context=requeueable deps ti=<TaskInstance: ELT.load_data_to_staging.full_load_from_sql_server manual__2024-09-30T16:24:36.959689+00:00 [queued]>
[2024-09-30T16:25:23.680+0000] {taskinstance.py:2865} INFO - Starting attempt 2 of 2
[2024-09-30T16:25:23.687+0000] {taskinstance.py:2888} INFO - Executing <Task(PythonOperator): load_data_to_staging.full_load_from_sql_server> on 2024-09-30 16:24:36.959689+00:00
[2024-09-30T16:25:23.690+0000] {warnings.py:112} WARNING - /home/***/.local/lib/python3.12/site-packages/***/task/task_runner/standard_task_runner.py:70: DeprecationWarning: This process (pid=1890) is multi-threaded, use of fork() may lead to deadlocks in the child.
  pid = os.fork()

[2024-09-30T16:25:23.691+0000] {standard_task_runner.py:72} INFO - Started process 1892 to run task
[2024-09-30T16:25:23.692+0000] {standard_task_runner.py:104} INFO - Running: ['***', 'tasks', 'run', 'ELT', 'load_data_to_staging.full_load_from_sql_server', 'manual__2024-09-30T16:24:36.959689+00:00', '--job-id', '42', '--raw', '--subdir', 'DAGS_FOLDER/load.py', '--cfg-path', '/tmp/tmp82vcxtzn']
[2024-09-30T16:25:23.693+0000] {standard_task_runner.py:105} INFO - Job 42: Subtask load_data_to_staging.full_load_from_sql_server
[2024-09-30T16:25:23.719+0000] {task_command.py:467} INFO - Running <TaskInstance: ELT.load_data_to_staging.full_load_from_sql_server manual__2024-09-30T16:24:36.959689+00:00 [running]> on host 51a7ea638889
[2024-09-30T16:25:23.762+0000] {taskinstance.py:3131} INFO - Exporting env vars: AIRFLOW_CTX_DAG_OWNER='***' AIRFLOW_CTX_DAG_ID='ELT' AIRFLOW_CTX_TASK_ID='load_data_to_staging.full_load_from_sql_server' AIRFLOW_CTX_EXECUTION_DATE='2024-09-30T16:24:36.959689+00:00' AIRFLOW_CTX_TRY_NUMBER='2' AIRFLOW_CTX_DAG_RUN_ID='manual__2024-09-30T16:24:36.959689+00:00'
[2024-09-30T16:25:23.763+0000] {taskinstance.py:731} INFO - ::endgroup::
[2024-09-30T16:25:23.817+0000] {logging_mixin.py:190} INFO - Inserted 2 records into PostgreSQL.
[2024-09-30T16:25:23.817+0000] {python.py:240} INFO - Done. Returned value was: None
[2024-09-30T16:25:23.823+0000] {taskinstance.py:340} INFO - ::group::Post task execution logs
[2024-09-30T16:25:23.823+0000] {taskinstance.py:352} INFO - Marking task as SUCCESS. dag_id=ELT, task_id=load_data_to_staging.full_load_from_sql_server, run_id=manual__2024-09-30T16:24:36.959689+00:00, execution_date=20240930T162436, start_date=20240930T162523, end_date=20240930T162523
[2024-09-30T16:25:23.871+0000] {local_task_job_runner.py:266} INFO - Task exited with return code 0
[2024-09-30T16:25:23.883+0000] {taskinstance.py:3900} INFO - 3 downstream tasks scheduled from follow-on schedule check
[2024-09-30T16:25:23.885+0000] {local_task_job_runner.py:245} INFO - ::endgroup::
