[2024-09-30T16:34:14.783+0000] {local_task_job_runner.py:123} INFO - ::group::Pre task execution logs
[2024-09-30T16:34:14.793+0000] {taskinstance.py:2612} INFO - Dependencies all met for dep_context=non-requeueable deps ti=<TaskInstance: ELT.load_data_to_staging.incremental_load_from_my_sql manual__2024-09-30T16:34:13.596392+00:00 [queued]>
[2024-09-30T16:34:14.798+0000] {taskinstance.py:2612} INFO - Dependencies all met for dep_context=requeueable deps ti=<TaskInstance: ELT.load_data_to_staging.incremental_load_from_my_sql manual__2024-09-30T16:34:13.596392+00:00 [queued]>
[2024-09-30T16:34:14.798+0000] {taskinstance.py:2865} INFO - Starting attempt 1 of 1
[2024-09-30T16:34:14.805+0000] {taskinstance.py:2888} INFO - Executing <Task(PythonOperator): load_data_to_staging.incremental_load_from_my_sql> on 2024-09-30 16:34:13.596392+00:00
[2024-09-30T16:34:14.811+0000] {warnings.py:112} WARNING - /home/***/.local/lib/python3.12/site-packages/***/task/task_runner/standard_task_runner.py:70: DeprecationWarning: This process (pid=2023) is multi-threaded, use of fork() may lead to deadlocks in the child.
  pid = os.fork()

[2024-09-30T16:34:14.813+0000] {standard_task_runner.py:72} INFO - Started process 2027 to run task
[2024-09-30T16:34:14.816+0000] {standard_task_runner.py:104} INFO - Running: ['***', 'tasks', 'run', 'ELT', 'load_data_to_staging.incremental_load_from_my_sql', 'manual__2024-09-30T16:34:13.596392+00:00', '--job-id', '47', '--raw', '--subdir', 'DAGS_FOLDER/load.py', '--cfg-path', '/tmp/tmpp7ieln35']
[2024-09-30T16:34:14.819+0000] {standard_task_runner.py:105} INFO - Job 47: Subtask load_data_to_staging.incremental_load_from_my_sql
[2024-09-30T16:34:14.861+0000] {task_command.py:467} INFO - Running <TaskInstance: ELT.load_data_to_staging.incremental_load_from_my_sql manual__2024-09-30T16:34:13.596392+00:00 [running]> on host 51a7ea638889
[2024-09-30T16:34:14.913+0000] {taskinstance.py:3131} INFO - Exporting env vars: AIRFLOW_CTX_DAG_OWNER='***' AIRFLOW_CTX_DAG_ID='ELT' AIRFLOW_CTX_TASK_ID='load_data_to_staging.incremental_load_from_my_sql' AIRFLOW_CTX_EXECUTION_DATE='2024-09-30T16:34:13.596392+00:00' AIRFLOW_CTX_TRY_NUMBER='1' AIRFLOW_CTX_DAG_RUN_ID='manual__2024-09-30T16:34:13.596392+00:00'
[2024-09-30T16:34:14.914+0000] {taskinstance.py:731} INFO - ::endgroup::
[2024-09-30T16:34:14.944+0000] {logging_mixin.py:190} INFO - Дата с: 2024-09-30 16:52:14
[2024-09-30T16:34:14.966+0000] {logging_mixin.py:190} INFO - Inserted 1 records into PostgreSQL.
[2024-09-30T16:34:14.967+0000] {python.py:240} INFO - Done. Returned value was: None
[2024-09-30T16:34:14.972+0000] {taskinstance.py:340} INFO - ::group::Post task execution logs
[2024-09-30T16:34:14.973+0000] {taskinstance.py:352} INFO - Marking task as SUCCESS. dag_id=ELT, task_id=load_data_to_staging.incremental_load_from_my_sql, run_id=manual__2024-09-30T16:34:13.596392+00:00, execution_date=20240930T163413, start_date=20240930T163414, end_date=20240930T163414
[2024-09-30T16:34:14.994+0000] {local_task_job_runner.py:266} INFO - Task exited with return code 0
[2024-09-30T16:34:15.007+0000] {taskinstance.py:3900} INFO - 3 downstream tasks scheduled from follow-on schedule check
[2024-09-30T16:34:15.009+0000] {local_task_job_runner.py:245} INFO - ::endgroup::
